2025-12-03 21:30:57,899 - __main__ - INFO - Input file inputs/day01.txt does not exist.
2025-12-03 21:30:58,376 - __main__ - INFO - Scraped puzzle input for day 1: R17
R28
R8
L25
R33
L48
R2
R42
R39
L10
R29
L26
R24
...
2025-12-03 21:30:58,377 - __main__ - INFO - HTML file inputs/day01.html does not exist.
2025-12-03 21:30:58,885 - __main__ - INFO - Scraped puzzle page for day 1: b'<!DOCTYPE html>\n<html lang="en-us">\n<head>\n<m...
2025-12-03 21:30:58,900 - __main__ - INFO - Input file inputs/day02.txt does not exist.
2025-12-03 21:30:59,604 - __main__ - INFO - Scraped puzzle input for day 2: 503950-597501,73731-100184,79705998-79873916,2927-...
2025-12-03 21:30:59,604 - __main__ - INFO - HTML file inputs/day02.html does not exist.
2025-12-03 21:30:59,989 - __main__ - INFO - Scraped puzzle page for day 2: b'<!DOCTYPE html>\n<html lang="en-us">\n<head>\n<m...
2025-12-03 21:31:00,003 - __main__ - INFO - Input file inputs/day03.txt does not exist.
2025-12-03 21:31:00,422 - __main__ - INFO - Scraped puzzle input for day 3: 32233232324233421333213233211333252222333423323233...
2025-12-03 21:31:00,423 - __main__ - INFO - HTML file inputs/day03.html does not exist.
2025-12-03 21:31:00,935 - __main__ - INFO - Scraped puzzle page for day 3: b'<!DOCTYPE html>\n<html lang="en-us">\n<head>\n<m...
